<?xml version="1.0" encoding="UTF-8"?>
<!-- Generated by org.testng.reporters.JUnitXMLReporter -->
<testsuite ignored="3" hostname="DESKTOP-6MM3MGS" failures="0" tests="0" time="0.005" errors="0" timestamp="2023-12-10T06:39:08 IST">
  <testcase classname="groupingconcept.Demo3" name="Test9" time="0.0">
    <ignored/>
  </testcase> <!-- Test9 -->
  <testcase classname="groupingconcept.Demo3" name="Test8" time="0.0">
    <ignored/>
  </testcase> <!-- Test8 -->
  <testcase classname="groupingconcept.Demo3" name="Test10" time="0.0">
    <ignored/>
  </testcase> <!-- Test10 -->
</testsuite>
