<?xml version="1.0" encoding="UTF-8"?>
<!-- Generated by org.testng.reporters.JUnitXMLReporter -->
<testsuite ignored="1" hostname="DESKTOP-6MM3MGS" failures="0" tests="6" name="demotest1" time="0.188" errors="0" timestamp="2023-12-10T06:40:59 IST">
  <testcase classname="groupingconcept.Demo1" name="Test1" time="0.019"/>
  <testcase classname="groupingconcept.Demo1" name="Test2" time="0.005"/>
  <testcase classname="groupingconcept.Demo1" name="Test3" time="0.004"/>
  <testcase classname="groupingconcept.Demo2" name="Test4" time="0.004"/>
  <testcase classname="groupingconcept.Demo2" name="Test5" time="0.003"/>
  <testcase classname="groupingconcept.Demo2" name="Test6" time="0.003"/>
  <testcase classname="groupingconcept.Demo2" name="Test7" time="0.0">
    <ignored/>
  </testcase> <!-- Test7 -->
</testsuite> <!-- demotest1 -->
