<?xml version="1.0" encoding="UTF-8"?>
<!-- Generated by org.testng.reporters.JUnitXMLReporter -->
<testsuite ignored="2" hostname="DESKTOP-6MM3MGS" failures="0" tests="1" name="Test1" time="20.541" errors="0" timestamp="2023-12-15T17:59:04 IST">
  <testcase classname="TestngScreenshot.NewTest" name="LogInOrangeHRM" time="20.34"/>
  <testcase classname="TestngScreenshot.NewTest" name="LoginFacebook" time="0.0">
    <ignored/>
  </testcase> <!-- LoginFacebook -->
  <testcase classname="TestngScreenshot.NewTest" name="LoginVtiger" time="0.0">
    <ignored/>
  </testcase> <!-- LoginVtiger -->
</testsuite> <!-- Test1 -->
