<?xml version="1.0" encoding="UTF-8"?>
<!-- Generated by org.testng.reporters.JUnitXMLReporter -->
<testsuite ignored="0" hostname="DESKTOP-6MM3MGS" failures="1" tests="3" name="Test" time="15.745" errors="0" timestamp="2023-12-14T15:44:53 IST">
  <testcase classname="screenshots.NewTest" name="LogInOrangeHRM" time="12.567"/>
  <testcase classname="screenshots.NewTest" name="LoginFacebook" time="3.023">
    <failure type="org.testng.internal.thread.ThreadTimeoutException" message="Method screenshots.NewTest.LoginFacebook() didn&amp;apos;t finish within the time-out 3000">
      <![CDATA[org.testng.internal.thread.ThreadTimeoutException: Method screenshots.NewTest.LoginFacebook() didn't finish within the time-out 3000
at java.base@17.0.7/java.lang.Thread.sleep(Native Method)
at app//screenshots.NewTest.LoginFacebook(NewTest.java:34)
at java.base@17.0.7/java.util.concurrent.FutureTask.run(FutureTask.java:264)
at java.base@17.0.7/java.util.concurrent.ThreadPoolExecutor.runWorker(ThreadPoolExecutor.java:1136)
at java.base@17.0.7/java.util.concurrent.ThreadPoolExecutor$Worker.run(ThreadPoolExecutor.java:635)
at java.base@17.0.7/java.lang.Thread.run(Thread.java:833)
... Removed 8 stack frames]]>
    </failure>
  </testcase> <!-- LoginFacebook -->
  <testcase classname="screenshots.NewTest" name="LoginVtiger" time="0.0">
    <skipped/>
  </testcase> <!-- LoginVtiger -->
</testsuite> <!-- Test -->
