<?xml version="1.0" encoding="UTF-8"?>
<!-- Generated by org.testng.reporters.JUnitXMLReporter -->
<testsuite ignored="2" hostname="DESKTOP-6MM3MGS" failures="1" tests="1" name="Test3" time="10.168" errors="0" timestamp="2023-12-15T17:59:28 IST">
  <testcase classname="TestngScreenshot.NewTest" name="LoginVtiger" time="10.142">
    <failure type="java.lang.AssertionError" message="expected [Dashboard] but found [vtiger]">
      <![CDATA[java.lang.AssertionError: expected [Dashboard] but found [vtiger]
at TestngScreenshot.NewTest.LoginVtiger(NewTest.java:62)
at java.base/java.util.ArrayList.forEach(ArrayList.java:1511)
... Removed 33 stack frames]]>
    </failure>
  </testcase> <!-- LoginVtiger -->
  <testcase classname="TestngScreenshot.NewTest" name="LoginFacebook" time="0.0">
    <ignored/>
  </testcase> <!-- LoginFacebook -->
  <testcase classname="TestngScreenshot.NewTest" name="LogInOrangeHRM" time="0.0">
    <ignored/>
  </testcase> <!-- LogInOrangeHRM -->
</testsuite> <!-- Test3 -->
